<?xml version="1.0" encoding="UTF-8"?>
<testng-results skipped="0" failed="0" ignored="0" total="1" passed="1">
  <reporter-output>
  </reporter-output>
  <suite name="Default suite" duration-ms="8778" started-at="2020-05-19T10:46:43Z" finished-at="2020-05-19T10:46:51Z">
    <groups>
    </groups>
    <test name="Default test" duration-ms="8778" started-at="2020-05-19T10:46:43Z" finished-at="2020-05-19T10:46:51Z">
      <class name="testcase.InvalidDate">
        <test-method status="PASS" signature="login()[pri:0, instance:testcase.InvalidDate@14ba872]" name="login" is-config="true" duration-ms="7476" started-at="2020-05-19T10:46:43Z" finished-at="2020-05-19T10:46:50Z">
          <reporter-output>
          </reporter-output>
        </test-method> <!-- login -->
        <test-method status="PASS" signature="dateFieldValidation()[pri:0, instance:testcase.InvalidDate@14ba872]" name="dateFieldValidation" duration-ms="1065" started-at="2020-05-19T10:46:50Z" finished-at="2020-05-19T10:46:51Z">
          <reporter-output>
          </reporter-output>
        </test-method> <!-- dateFieldValidation -->
        <test-method status="PASS" signature="close()[pri:0, instance:testcase.InvalidDate@14ba872]" name="close" is-config="true" duration-ms="203" started-at="2020-05-19T10:46:51Z" finished-at="2020-05-19T10:46:51Z">
          <reporter-output>
          </reporter-output>
        </test-method> <!-- close -->
      </class> <!-- testcase.InvalidDate -->
    </test> <!-- Default test -->
  </suite> <!-- Default suite -->
</testng-results>
